1557914281589:ls
1557914288032:hello
1557914300331:?
1557914359730:help
1557914372257:clear
1557914378637:exit
1557915520564:help
1557915525035:play
1557915670798:help
1557915677406:play
1557915687829:play --item ROCK
1557915761879:play ROCK
1557915821219:help
1557915825232:play ROCK
1557917021974:play SCISSORS
1557917044084:help
1557920821735:play ROCK
1557920831543:play SCISSORS
1557920840439:play ROCK
1557920846991:play PAPER
1557920851775:play ROCK
1557920857703:play SCISSORS
1557920862406:play ROCK
1557920867006:play PAPER
1557920876910:play SCISSORS
1557920881854:play PAPER
1557920885925:play ROCK
1557920890182:play SCISSORS
1557921222741:play ROCK
1557921226772:play PAPER
1557921232747:play SCISSORS
1557921237179:play PAPER
1557921244995:play SCISSORS
1557921252366:stats
1557922389673:help
1557922398356:play ROCK
1557922402755:play PAPER
1557922410059:play SCISSORS
1557922416283:play ROCK
1557922420250:play PAPER
1557922431290:play ROCK
1557922435906:play SCISSORS
1557922439881:stats
1557922454081:play SCISSORS
1557922458625:play PAPER
1557922467633:play ROCK
1557924684467:stats
1557924689736:play
1557924691879:help
1557924852890:stats
1557924875411:play
1557924884107:play SCISSORS
1557925042254:play PAPER
1557925047798:stats
1557925966131:play SCISSORS
1557925970103:play x
1557925980321:play PAPER
1557925989190:play ROCK
1557925994785:play PAPER
1557926003856:play ROCK
1557926023815:play PAPER
